# JRE version: Java(TM) SE Runtime Environment (8.0_221-b11) (build 1.8.0_221-b11)
# Java VM: Java HotSpot(TM) 64-Bit Server VM (25.221-b11 mixed mode windows-amd64 compressed oops)
Heap:
 garbage-first heap   total 323584K, used 150880K [0x00000000c0000000, 0x00000000c01009e0, 0x0000000100000000)
  region size 1024K, 51 young (52224K), 2 survivors (2048K)
 Metaspace       used 50226K, capacity 53240K, committed 53376K, reserved 1095680K
  class space    used 5322K, capacity 6240K, committed 6272K, reserved 1048576K
GC Heap History (10 events):
Event: 86.262 GC heap before
{Heap before GC invocations=89 (full 0):
 garbage-first heap   total 323584K, used 265120K [0x00000000c0000000, 0x00000000c01009e0, 0x0000000100000000)
  region size 1024K, 97 young (99328K), 2 survivors (2048K)
 Metaspace       used 49899K, capacity 52882K, committed 53120K, reserved 1095680K
  class space    used 5299K, capacity 6207K, committed 6272K, reserved 1048576K
Event: 86.333 GC heap after
Heap after GC invocations=90 (full 0):
 garbage-first heap   total 323584K, used 181664K [0x00000000c0000000, 0x00000000c01009e0, 0x0000000100000000)
  region size 1024K, 13 young (13312K), 13 survivors (13312K)
 Metaspace       used 49899K, capacity 52882K, committed 53120K, reserved 1095680K
  class space    used 5299K, capacity 6207K, committed 6272K, reserved 1048576K
}
Event: 87.516 GC heap before
{Heap before GC invocations=90 (full 0):
 garbage-first heap   total 323584K, used 230816K [0x00000000c0000000, 0x00000000c01009e0, 0x0000000100000000)
  region size 1024K, 62 young (63488K), 13 survivors (13312K)
 Metaspace       used 49899K, capacity 52882K, committed 53120K, reserved 1095680K
  class space    used 5299K, capacity 6207K, committed 6272K, reserved 1048576K
Event: 87.564 GC heap after
Heap after GC invocations=91 (full 0):
 garbage-first heap   total 323584K, used 186272K [0x00000000c0000000, 0x00000000c01009e0, 0x0000000100000000)
  region size 1024K, 7 young (7168K), 7 survivors (7168K)
 Metaspace       used 49899K, capacity 52882K, committed 53120K, reserved 1095680K
  class space    used 5299K, capacity 6207K, committed 6272K, reserved 1048576K
}
Event: 89.321 GC heap before
{Heap before GC invocations=92 (full 0):
 garbage-first heap   total 323584K, used 212320K [0x00000000c0000000, 0x00000000c01009e0, 0x0000000100000000)
  region size 1024K, 89 young (91136K), 7 survivors (7168K)
 Metaspace       used 49902K, capacity 52946K, committed 53120K, reserved 1095680K
  class space    used 5299K, capacity 6207K, committed 6272K, reserved 1048576K
Event: 89.373 GC heap after
Heap after GC invocations=93 (full 0):
 garbage-first heap   total 323584K, used 135008K [0x00000000c0000000, 0x00000000c01009e0, 0x0000000100000000)
  region size 1024K, 12 young (12288K), 12 survivors (12288K)
 Metaspace       used 49902K, capacity 52946K, committed 53120K, reserved 1095680K
  class space    used 5299K, capacity 6207K, committed 6272K, reserved 1048576K
}
Event: 89.403 GC heap before
{Heap before GC invocations=93 (full 0):
 garbage-first heap   total 323584K, used 138080K [0x00000000c0000000, 0x00000000c01009e0, 0x0000000100000000)
  region size 1024K, 15 young (15360K), 12 survivors (12288K)
 Metaspace       used 49902K, capacity 52946K, committed 53120K, reserved 1095680K
  class space    used 5299K, capacity 6207K, committed 6272K, reserved 1048576K
Event: 89.474 GC heap after
Heap after GC invocations=94 (full 0):
 garbage-first heap   total 323584K, used 108384K [0x00000000c0000000, 0x00000000c01009e0, 0x0000000100000000)
  region size 1024K, 2 young (2048K), 2 survivors (2048K)
 Metaspace       used 49902K, capacity 52946K, committed 53120K, reserved 1095680K
  class space    used 5299K, capacity 6207K, committed 6272K, reserved 1048576K
}
Event: 89.692 GC heap before
{Heap before GC invocations=94 (full 0):
 garbage-first heap   total 323584K, used 121696K [0x00000000c0000000, 0x00000000c01009e0, 0x0000000100000000)
  region size 1024K, 15 young (15360K), 2 survivors (2048K)
 Metaspace       used 49902K, capacity 52946K, committed 53120K, reserved 1095680K
  class space    used 5299K, capacity 6207K, committed 6272K, reserved 1048576K
Event: 89.750 GC heap after
Heap after GC invocations=95 (full 0):
 garbage-first heap   total 323584K, used 101728K [0x00000000c0000000, 0x00000000c01009e0, 0x0000000100000000)
  region size 1024K, 2 young (2048K), 2 survivors (2048K)
 Metaspace       used 49902K, capacity 52946K, committed 53120K, reserved 1095680K
  class space    used 5299K, capacity 6207K, committed 6272K, reserved 1048576K
}

