# JRE version: Java(TM) SE Runtime Environment (8.0_221-b11) (build 1.8.0_221-b11)
# Java VM: Java HotSpot(TM) 64-Bit Server VM (25.221-b11 mixed mode windows-amd64 compressed oops)
Heap:
 garbage-first heap   total 65536K, used 48127K [0x00000000c0000000, 0x00000000c0100200, 0x0000000100000000)
  region size 1024K, 29 young (29696K), 4 survivors (4096K)
 Metaspace       used 30708K, capacity 32584K, committed 32768K, reserved 1077248K
  class space    used 3376K, capacity 4016K, committed 4096K, reserved 1048576K
GC Heap History (10 events):
Event: 6.013 GC heap before
{Heap before GC invocations=2 (full 0):
 garbage-first heap   total 65536K, used 28563K [0x00000000c0000000, 0x00000000c0100200, 0x0000000100000000)
  region size 1024K, 22 young (22528K), 3 survivors (3072K)
 Metaspace       used 16790K, capacity 17738K, committed 17792K, reserved 1064960K
  class space    used 1648K, capacity 1911K, committed 1920K, reserved 1048576K
Event: 6.030 GC heap after
Heap after GC invocations=3 (full 0):
 garbage-first heap   total 65536K, used 15360K [0x00000000c0000000, 0x00000000c0100200, 0x0000000100000000)
  region size 1024K, 3 young (3072K), 3 survivors (3072K)
 Metaspace       used 16790K, capacity 17738K, committed 17792K, reserved 1064960K
  class space    used 1648K, capacity 1911K, committed 1920K, reserved 1048576K
}
Event: 7.320 GC heap before
{Heap before GC invocations=3 (full 0):
 garbage-first heap   total 65536K, used 35840K [0x00000000c0000000, 0x00000000c0100200, 0x0000000100000000)
  region size 1024K, 24 young (24576K), 3 survivors (3072K)
 Metaspace       used 20044K, capacity 21186K, committed 21296K, reserved 1069056K
  class space    used 2046K, capacity 2431K, committed 2432K, reserved 1048576K
Event: 7.343 GC heap after
Heap after GC invocations=4 (full 0):
 garbage-first heap   total 65536K, used 18944K [0x00000000c0000000, 0x00000000c0100200, 0x0000000100000000)
  region size 1024K, 5 young (5120K), 5 survivors (5120K)
 Metaspace       used 20044K, capacity 21186K, committed 21296K, reserved 1069056K
  class space    used 2046K, capacity 2431K, committed 2432K, reserved 1048576K
}
Event: 9.832 GC heap before
{Heap before GC invocations=5 (full 0):
 garbage-first heap   total 65536K, used 48640K [0x00000000c0000000, 0x00000000c0100200, 0x0000000100000000)
  region size 1024K, 38 young (38912K), 5 survivors (5120K)
 Metaspace       used 24273K, capacity 25424K, committed 25600K, reserved 1071104K
  class space    used 2584K, capacity 2964K, committed 3072K, reserved 1048576K
Event: 9.846 GC heap after
Heap after GC invocations=6 (full 0):
 garbage-first heap   total 65536K, used 19949K [0x00000000c0000000, 0x00000000c0100200, 0x0000000100000000)
  region size 1024K, 5 young (5120K), 5 survivors (5120K)
 Metaspace       used 24273K, capacity 25424K, committed 25600K, reserved 1071104K
  class space    used 2584K, capacity 2964K, committed 3072K, reserved 1048576K
}
Event: 9.880 GC heap before
{Heap before GC invocations=6 (full 0):
 garbage-first heap   total 65536K, used 20973K [0x00000000c0000000, 0x00000000c0100200, 0x0000000100000000)
  region size 1024K, 6 young (6144K), 5 survivors (5120K)
 Metaspace       used 24497K, capacity 25648K, committed 25856K, reserved 1073152K
  class space    used 2609K, capacity 2996K, committed 3072K, reserved 1048576K
Event: 9.890 GC heap after
Heap after GC invocations=7 (full 0):
 garbage-first heap   total 65536K, used 20480K [0x00000000c0000000, 0x00000000c0100200, 0x0000000100000000)
  region size 1024K, 1 young (1024K), 1 survivors (1024K)
 Metaspace       used 24497K, capacity 25648K, committed 25856K, reserved 1073152K
  class space    used 2609K, capacity 2996K, committed 3072K, reserved 1048576K
}
Event: 11.091 GC heap before
{Heap before GC invocations=7 (full 0):
 garbage-first heap   total 65536K, used 54272K [0x00000000c0000000, 0x00000000c0100200, 0x0000000100000000)
  region size 1024K, 34 young (34816K), 1 survivors (1024K)
 Metaspace       used 26043K, capacity 27510K, committed 27648K, reserved 1073152K
  class space    used 2818K, capacity 3278K, committed 3328K, reserved 1048576K
Event: 11.102 GC heap after
Heap after GC invocations=8 (full 0):
 garbage-first heap   total 65536K, used 23551K [0x00000000c0000000, 0x00000000c0100200, 0x0000000100000000)
  region size 1024K, 4 young (4096K), 4 survivors (4096K)
 Metaspace       used 26043K, capacity 27510K, committed 27648K, reserved 1073152K
  class space    used 2818K, capacity 3278K, committed 3328K, reserved 1048576K
}

